# JRE version: OpenJDK Runtime Environment Temurin-21.0.10+7 (21.0.10+7) (build 21.0.10+7-LTS)
# Java VM: OpenJDK 64-Bit Server VM Temurin-21.0.10+7 (21.0.10+7-LTS, mixed mode, sharing, tiered, compressed oops, compressed class ptrs, parallel gc, windows-amd64)
GC Precious Log:
 CardTable entry size: 512
 CPUs: 12 total, 12 available
 Memory: 7876M
 Large Page Support: Disabled
 NUMA Support: Disabled
 Compressed Oops: Enabled (32-bit)
 Alignments: Space 512K, Generation 512K, Heap 2M
 Heap Min Capacity: 100M
 Heap Initial Capacity: 100M
 Heap Max Capacity: 2G
 Pre-touch: Disabled
 Parallel Workers: 10
Heap:
 PSYoungGen      total 14336K, used 6204K [0x00000000d5580000, 0x00000000d8800000, 0x0000000100000000)
  eden space 10752K, 24% used [0x00000000d5580000,0x00000000d58152f0,0x00000000d6000000)
  from space 3584K, 99% used [0x00000000d6e80000,0x00000000d71f9ed0,0x00000000d7200000)
  to   space 14848K, 0% used [0x00000000d6000000,0x00000000d6000000,0x00000000d6e80000)
 ParOldGen       total 68608K, used 32487K [0x0000000080000000, 0x0000000084300000, 0x00000000d5580000)
  object space 68608K, 47% used [0x0000000080000000,0x0000000081fb9e48,0x0000000084300000)
 Metaspace       used 44816K, committed 46208K, reserved 1114112K
  class space    used 4900K, committed 5504K, reserved 1048576K
GC Heap History (20 events):
Event: 9.404 GC heap before
{Heap before GC invocations=10 (full 1):
 PSYoungGen      total 25600K, used 25313K [0x00000000d5580000, 0x00000000d7480000, 0x0000000100000000)
  eden space 24064K, 100% used [0x00000000d5580000,0x00000000d6d00000,0x00000000d6d00000)
  from space 1536K, 81% used [0x00000000d7300000,0x00000000d7438400,0x00000000d7480000)
  to   space 2560K, 0% used [0x00000000d6f80000,0x00000000d6f80000,0x00000000d7200000)
 ParOldGen       total 68608K, used 13189K [0x0000000080000000, 0x0000000084300000, 0x00000000d5580000)
  object space 68608K, 19% used [0x0000000080000000,0x0000000080ce1450,0x0000000084300000)
 Metaspace       used 26281K, committed 27264K, reserved 1114112K
  class space    used 2649K, committed 3072K, reserved 1048576K
}
Event: 9.407 GC heap after
{Heap after GC invocations=10 (full 1):
 PSYoungGen      total 25088K, used 1478K [0x00000000d5580000, 0x00000000d7380000, 0x0000000100000000)
  eden space 23552K, 0% used [0x00000000d5580000,0x00000000d5580000,0x00000000d6c80000)
  from space 1536K, 96% used [0x00000000d6f80000,0x00000000d70f1a90,0x00000000d7100000)
  to   space 2048K, 0% used [0x00000000d7180000,0x00000000d7180000,0x00000000d7380000)
 ParOldGen       total 68608K, used 13189K [0x0000000080000000, 0x0000000084300000, 0x00000000d5580000)
  object space 68608K, 19% used [0x0000000080000000,0x0000000080ce1450,0x0000000084300000)
 Metaspace       used 26281K, committed 27264K, reserved 1114112K
  class space    used 2649K, committed 3072K, reserved 1048576K
}
Event: 9.821 GC heap before
{Heap before GC invocations=11 (full 1):
 PSYoungGen      total 25088K, used 25030K [0x00000000d5580000, 0x00000000d7380000, 0x0000000100000000)
  eden space 23552K, 100% used [0x00000000d5580000,0x00000000d6c80000,0x00000000d6c80000)
  from space 1536K, 96% used [0x00000000d6f80000,0x00000000d70f1a90,0x00000000d7100000)
  to   space 2048K, 0% used [0x00000000d7180000,0x00000000d7180000,0x00000000d7380000)
 ParOldGen       total 68608K, used 13189K [0x0000000080000000, 0x0000000084300000, 0x00000000d5580000)
  object space 68608K, 19% used [0x0000000080000000,0x0000000080ce1450,0x0000000084300000)
 Metaspace       used 27696K, committed 28736K, reserved 1114112K
  class space    used 2789K, committed 3200K, reserved 1048576K
}
Event: 9.826 GC heap after
{Heap after GC invocations=11 (full 1):
 PSYoungGen      total 25088K, used 2032K [0x00000000d5580000, 0x00000000d7500000, 0x0000000100000000)
  eden space 23040K, 0% used [0x00000000d5580000,0x00000000d5580000,0x00000000d6c00000)
  from space 2048K, 99% used [0x00000000d7180000,0x00000000d737c358,0x00000000d7380000)
  to   space 4608K, 0% used [0x00000000d6c00000,0x00000000d6c00000,0x00000000d7080000)
 ParOldGen       total 68608K, used 15080K [0x0000000080000000, 0x0000000084300000, 0x00000000d5580000)
  object space 68608K, 21% used [0x0000000080000000,0x0000000080eba078,0x0000000084300000)
 Metaspace       used 27696K, committed 28736K, reserved 1114112K
  class space    used 2789K, committed 3200K, reserved 1048576K
}
Event: 10.288 GC heap before
{Heap before GC invocations=12 (full 1):
 PSYoungGen      total 25088K, used 25072K [0x00000000d5580000, 0x00000000d7500000, 0x0000000100000000)
  eden space 23040K, 100% used [0x00000000d5580000,0x00000000d6c00000,0x00000000d6c00000)
  from space 2048K, 99% used [0x00000000d7180000,0x00000000d737c358,0x00000000d7380000)
  to   space 4608K, 0% used [0x00000000d6c00000,0x00000000d6c00000,0x00000000d7080000)
 ParOldGen       total 68608K, used 15080K [0x0000000080000000, 0x0000000084300000, 0x00000000d5580000)
  object space 68608K, 21% used [0x0000000080000000,0x0000000080eba078,0x0000000084300000)
 Metaspace       used 30884K, committed 31936K, reserved 1114112K
  class space    used 3143K, committed 3584K, reserved 1048576K
}
Event: 10.293 GC heap after
{Heap after GC invocations=12 (full 1):
 PSYoungGen      total 24064K, used 1517K [0x00000000d5580000, 0x00000000d7200000, 0x0000000100000000)
  eden space 22528K, 0% used [0x00000000d5580000,0x00000000d5580000,0x00000000d6b80000)
  from space 1536K, 98% used [0x00000000d6c00000,0x00000000d6d7b5e0,0x00000000d6d80000)
  to   space 2560K, 0% used [0x00000000d6f80000,0x00000000d6f80000,0x00000000d7200000)
 ParOldGen       total 68608K, used 16697K [0x0000000080000000, 0x0000000084300000, 0x00000000d5580000)
  object space 68608K, 24% used [0x0000000080000000,0x000000008104e758,0x0000000084300000)
 Metaspace       used 30884K, committed 31936K, reserved 1114112K
  class space    used 3143K, committed 3584K, reserved 1048576K
}
Event: 10.647 GC heap before
{Heap before GC invocations=13 (full 1):
 PSYoungGen      total 24064K, used 24044K [0x00000000d5580000, 0x00000000d7200000, 0x0000000100000000)
  eden space 22528K, 99% used [0x00000000d5580000,0x00000000d6b7fd30,0x00000000d6b80000)
  from space 1536K, 98% used [0x00000000d6c00000,0x00000000d6d7b5e0,0x00000000d6d80000)
  to   space 2560K, 0% used [0x00000000d6f80000,0x00000000d6f80000,0x00000000d7200000)
 ParOldGen       total 68608K, used 16697K [0x0000000080000000, 0x0000000084300000, 0x00000000d5580000)
  object space 68608K, 24% used [0x0000000080000000,0x000000008104e758,0x0000000084300000)
 Metaspace       used 32960K, committed 34112K, reserved 1114112K
  class space    used 3421K, committed 3904K, reserved 1048576K
}
Event: 10.652 GC heap after
{Heap after GC invocations=13 (full 1):
 PSYoungGen      total 23552K, used 1056K [0x00000000d5580000, 0x00000000d7100000, 0x0000000100000000)
  eden space 22016K, 0% used [0x00000000d5580000,0x00000000d5580000,0x00000000d6b00000)
  from space 1536K, 68% used [0x00000000d6f80000,0x00000000d7088000,0x00000000d7100000)
  to   space 1536K, 0% used [0x00000000d6e00000,0x00000000d6e00000,0x00000000d6f80000)
 ParOldGen       total 68608K, used 18027K [0x0000000080000000, 0x0000000084300000, 0x00000000d5580000)
  object space 68608K, 26% used [0x0000000080000000,0x000000008119ad58,0x0000000084300000)
 Metaspace       used 32960K, committed 34112K, reserved 1114112K
  class space    used 3421K, committed 3904K, reserved 1048576K
}
Event: 10.899 GC heap before
{Heap before GC invocations=14 (full 1):
 PSYoungGen      total 23552K, used 18131K [0x00000000d5580000, 0x00000000d7100000, 0x0000000100000000)
  eden space 22016K, 77% used [0x00000000d5580000,0x00000000d662cdd8,0x00000000d6b00000)
  from space 1536K, 68% used [0x00000000d6f80000,0x00000000d7088000,0x00000000d7100000)
  to   space 1536K, 0% used [0x00000000d6e00000,0x00000000d6e00000,0x00000000d6f80000)
 ParOldGen       total 68608K, used 18027K [0x0000000080000000, 0x0000000084300000, 0x00000000d5580000)
  object space 68608K, 26% used [0x0000000080000000,0x000000008119ad58,0x0000000084300000)
 Metaspace       used 34678K, committed 35840K, reserved 1114112K
  class space    used 3620K, committed 4160K, reserved 1048576K
}
Event: 10.903 GC heap after
{Heap after GC invocations=14 (full 1):
 PSYoungGen      total 23552K, used 1467K [0x00000000d5580000, 0x00000000d7000000, 0x0000000100000000)
  eden space 22016K, 0% used [0x00000000d5580000,0x00000000d5580000,0x00000000d6b00000)
  from space 1536K, 95% used [0x00000000d6e00000,0x00000000d6f6efc8,0x00000000d6f80000)
  to   space 512K, 0% used [0x00000000d6f80000,0x00000000d6f80000,0x00000000d7000000)
 ParOldGen       total 68608K, used 18858K [0x0000000080000000, 0x0000000084300000, 0x00000000d5580000)
  object space 68608K, 27% used [0x0000000080000000,0x000000008126a9e0,0x0000000084300000)
 Metaspace       used 34678K, committed 35840K, reserved 1114112K
  class space    used 3620K, committed 4160K, reserved 1048576K
}
Event: 10.903 GC heap before
{Heap before GC invocations=15 (full 2):
 PSYoungGen      total 23552K, used 1467K [0x00000000d5580000, 0x00000000d7000000, 0x0000000100000000)
  eden space 22016K, 0% used [0x00000000d5580000,0x00000000d5580000,0x00000000d6b00000)
  from space 1536K, 95% used [0x00000000d6e00000,0x00000000d6f6efc8,0x00000000d6f80000)
  to   space 512K, 0% used [0x00000000d6f80000,0x00000000d6f80000,0x00000000d7000000)
 ParOldGen       total 68608K, used 18858K [0x0000000080000000, 0x0000000084300000, 0x00000000d5580000)
  object space 68608K, 27% used [0x0000000080000000,0x000000008126a9e0,0x0000000084300000)
 Metaspace       used 34678K, committed 35840K, reserved 1114112K
  class space    used 3620K, committed 4160K, reserved 1048576K
}
Event: 10.952 GC heap after
{Heap after GC invocations=15 (full 2):
 PSYoungGen      total 23552K, used 0K [0x00000000d5580000, 0x00000000d7000000, 0x0000000100000000)
  eden space 22016K, 0% used [0x00000000d5580000,0x00000000d5580000,0x00000000d6b00000)
  from space 1536K, 0% used [0x00000000d6e00000,0x00000000d6e00000,0x00000000d6f80000)
  to   space 512K, 0% used [0x00000000d6f80000,0x00000000d6f80000,0x00000000d7000000)
 ParOldGen       total 68608K, used 18916K [0x0000000080000000, 0x0000000084300000, 0x00000000d5580000)
  object space 68608K, 27% used [0x0000000080000000,0x0000000081279168,0x0000000084300000)
 Metaspace       used 34678K, committed 35840K, reserved 1114112K
  class space    used 3620K, committed 4160K, reserved 1048576K
}
Event: 11.420 GC heap before
{Heap before GC invocations=16 (full 2):
 PSYoungGen      total 23552K, used 22016K [0x00000000d5580000, 0x00000000d7000000, 0x0000000100000000)
  eden space 22016K, 100% used [0x00000000d5580000,0x00000000d6b00000,0x00000000d6b00000)
  from space 1536K, 0% used [0x00000000d6e00000,0x00000000d6e00000,0x00000000d6f80000)
  to   space 512K, 0% used [0x00000000d6f80000,0x00000000d6f80000,0x00000000d7000000)
 ParOldGen       total 68608K, used 18916K [0x0000000080000000, 0x0000000084300000, 0x00000000d5580000)
  object space 68608K, 27% used [0x0000000080000000,0x0000000081279168,0x0000000084300000)
 Metaspace       used 36868K, committed 38080K, reserved 1114112K
  class space    used 3896K, committed 4416K, reserved 1048576K
}
Event: 11.424 GC heap after
{Heap after GC invocations=16 (full 2):
 PSYoungGen      total 22528K, used 500K [0x00000000d5580000, 0x00000000d7000000, 0x0000000100000000)
  eden space 22016K, 0% used [0x00000000d5580000,0x00000000d5580000,0x00000000d6b00000)
  from space 512K, 97% used [0x00000000d6f80000,0x00000000d6ffd250,0x00000000d7000000)
  to   space 2048K, 0% used [0x00000000d6c00000,0x00000000d6c00000,0x00000000d6e00000)
 ParOldGen       total 68608K, used 20356K [0x0000000080000000, 0x0000000084300000, 0x00000000d5580000)
  object space 68608K, 29% used [0x0000000080000000,0x00000000813e1188,0x0000000084300000)
 Metaspace       used 36868K, committed 38080K, reserved 1114112K
  class space    used 3896K, committed 4416K, reserved 1048576K
}
Event: 11.841 GC heap before
{Heap before GC invocations=17 (full 2):
 PSYoungGen      total 22528K, used 22516K [0x00000000d5580000, 0x00000000d7000000, 0x0000000100000000)
  eden space 22016K, 100% used [0x00000000d5580000,0x00000000d6b00000,0x00000000d6b00000)
  from space 512K, 97% used [0x00000000d6f80000,0x00000000d6ffd250,0x00000000d7000000)
  to   space 2048K, 0% used [0x00000000d6c00000,0x00000000d6c00000,0x00000000d6e00000)
 ParOldGen       total 68608K, used 20356K [0x0000000080000000, 0x0000000084300000, 0x00000000d5580000)
  object space 68608K, 29% used [0x0000000080000000,0x00000000813e1188,0x0000000084300000)
 Metaspace       used 39103K, committed 40384K, reserved 1114112K
  class space    used 4178K, committed 4736K, reserved 1048576K
}
Event: 11.844 GC heap after
{Heap after GC invocations=17 (full 2):
 PSYoungGen      total 24064K, used 1472K [0x00000000d5580000, 0x00000000d7000000, 0x0000000100000000)
  eden space 22016K, 0% used [0x00000000d5580000,0x00000000d5580000,0x00000000d6b00000)
  from space 2048K, 71% used [0x00000000d6c00000,0x00000000d6d70000,0x00000000d6e00000)
  to   space 2048K, 0% used [0x00000000d6e00000,0x00000000d6e00000,0x00000000d7000000)
 ParOldGen       total 68608K, used 20809K [0x0000000080000000, 0x0000000084300000, 0x00000000d5580000)
  object space 68608K, 30% used [0x0000000080000000,0x0000000081452690,0x0000000084300000)
 Metaspace       used 39103K, committed 40384K, reserved 1114112K
  class space    used 4178K, committed 4736K, reserved 1048576K
}
Event: 12.465 GC heap before
{Heap before GC invocations=18 (full 2):
 PSYoungGen      total 24064K, used 23488K [0x00000000d5580000, 0x00000000d7000000, 0x0000000100000000)
  eden space 22016K, 100% used [0x00000000d5580000,0x00000000d6b00000,0x00000000d6b00000)
  from space 2048K, 71% used [0x00000000d6c00000,0x00000000d6d70000,0x00000000d6e00000)
  to   space 2048K, 0% used [0x00000000d6e00000,0x00000000d6e00000,0x00000000d7000000)
 ParOldGen       total 68608K, used 20809K [0x0000000080000000, 0x0000000084300000, 0x00000000d5580000)
  object space 68608K, 30% used [0x0000000080000000,0x00000000814526e8,0x0000000084300000)
 Metaspace       used 40983K, committed 42240K, reserved 1114112K
  class space    used 4410K, committed 4992K, reserved 1048576K
}
Event: 12.470 GC heap after
{Heap after GC invocations=18 (full 2):
 PSYoungGen      total 23552K, used 1152K [0x00000000d5580000, 0x00000000d6f80000, 0x0000000100000000)
  eden space 22016K, 0% used [0x00000000d5580000,0x00000000d5580000,0x00000000d6b00000)
  from space 1536K, 75% used [0x00000000d6e00000,0x00000000d6f20000,0x00000000d6f80000)
  to   space 1536K, 0% used [0x00000000d6c80000,0x00000000d6c80000,0x00000000d6e00000)
 ParOldGen       total 68608K, used 21974K [0x0000000080000000, 0x0000000084300000, 0x00000000d5580000)
  object space 68608K, 32% used [0x0000000080000000,0x0000000081575a50,0x0000000084300000)
 Metaspace       used 40983K, committed 42240K, reserved 1114112K
  class space    used 4410K, committed 4992K, reserved 1048576K
}
Event: 13.237 GC heap before
{Heap before GC invocations=19 (full 2):
 PSYoungGen      total 23552K, used 23168K [0x00000000d5580000, 0x00000000d6f80000, 0x0000000100000000)
  eden space 22016K, 100% used [0x00000000d5580000,0x00000000d6b00000,0x00000000d6b00000)
  from space 1536K, 75% used [0x00000000d6e00000,0x00000000d6f20000,0x00000000d6f80000)
  to   space 1536K, 0% used [0x00000000d6c80000,0x00000000d6c80000,0x00000000d6e00000)
 ParOldGen       total 68608K, used 21979K [0x0000000080000000, 0x0000000084300000, 0x00000000d5580000)
  object space 68608K, 32% used [0x0000000080000000,0x0000000081576ea0,0x0000000084300000)
 Metaspace       used 43324K, committed 44608K, reserved 1114112K
  class space    used 4690K, committed 5248K, reserved 1048576K
}
Event: 13.240 GC heap after
{Heap after GC invocations=19 (full 2):
 PSYoungGen      total 23552K, used 1536K [0x00000000d5580000, 0x00000000d7200000, 0x0000000100000000)
  eden space 22016K, 0% used [0x00000000d5580000,0x00000000d5580000,0x00000000d6b00000)
  from space 1536K, 100% used [0x00000000d6c80000,0x00000000d6e00000,0x00000000d6e00000)
  to   space 3584K, 0% used [0x00000000d6e80000,0x00000000d6e80000,0x00000000d7200000)
 ParOldGen       total 68608K, used 23295K [0x0000000080000000, 0x0000000084300000, 0x00000000d5580000)
  object space 68608K, 33% used [0x0000000080000000,0x00000000816bfeb0,0x0000000084300000)
 Metaspace       used 43324K, committed 44608K, reserved 1114112K
  class space    used 4690K, committed 5248K, reserved 1048576K
}

